[0.322s] Invoking command in '/home/antoni/gazebo_maritime_ws/src/teleop_twist_keyboard': PYTHONPATH=/home/antoni/gazebo_maritime_ws/build/teleop_twist_keyboard/prefix_override:/home/antoni/.local/lib/python3.10/site-packages/colcon_core/task/python/colcon_distutils_commands:/home/antoni/gazebo_maritime_ws/install/lib/python3.10/site-packages:${PYTHONPATH} /usr/bin/python3 -W ignore:setup.py install is deprecated -W ignore:easy_install command is deprecated setup.py egg_info --egg-base ../../build/teleop_twist_keyboard build --build-base /home/antoni/gazebo_maritime_ws/build/teleop_twist_keyboard/build install --record /home/antoni/gazebo_maritime_ws/build/teleop_twist_keyboard/install.log --single-version-externally-managed install_data
[0.444s] running egg_info
[0.445s] writing ../../build/teleop_twist_keyboard/teleop_twist_keyboard.egg-info/PKG-INFO
[0.445s] writing dependency_links to ../../build/teleop_twist_keyboard/teleop_twist_keyboard.egg-info/dependency_links.txt
[0.445s] writing entry points to ../../build/teleop_twist_keyboard/teleop_twist_keyboard.egg-info/entry_points.txt
[0.445s] writing requirements to ../../build/teleop_twist_keyboard/teleop_twist_keyboard.egg-info/requires.txt
[0.445s] writing top-level names to ../../build/teleop_twist_keyboard/teleop_twist_keyboard.egg-info/top_level.txt
[0.446s] reading manifest file '../../build/teleop_twist_keyboard/teleop_twist_keyboard.egg-info/SOURCES.txt'
[0.446s] adding license file 'LICENSE'
[0.446s] writing manifest file '../../build/teleop_twist_keyboard/teleop_twist_keyboard.egg-info/SOURCES.txt'
[0.446s] running build
[0.446s] running build_py
[0.446s] running install
[0.446s] running install_lib
[0.448s] running install_data
[0.448s] running install_egg_info
[0.448s] removing '/home/antoni/gazebo_maritime_ws/install/lib/python3.10/site-packages/teleop_twist_keyboard-2.4.0-py3.10.egg-info' (and everything under it)
[0.449s] Copying ../../build/teleop_twist_keyboard/teleop_twist_keyboard.egg-info to /home/antoni/gazebo_maritime_ws/install/lib/python3.10/site-packages/teleop_twist_keyboard-2.4.0-py3.10.egg-info
[0.449s] running install_scripts
[0.461s] Installing teleop_twist_keyboard_pcg script to /home/antoni/gazebo_maritime_ws/install/lib/teleop_twist_keyboard
[0.461s] writing list of installed files to '/home/antoni/gazebo_maritime_ws/build/teleop_twist_keyboard/install.log'
[0.475s] Invoked command in '/home/antoni/gazebo_maritime_ws/src/teleop_twist_keyboard' returned '0': PYTHONPATH=/home/antoni/gazebo_maritime_ws/build/teleop_twist_keyboard/prefix_override:/home/antoni/.local/lib/python3.10/site-packages/colcon_core/task/python/colcon_distutils_commands:/home/antoni/gazebo_maritime_ws/install/lib/python3.10/site-packages:${PYTHONPATH} /usr/bin/python3 -W ignore:setup.py install is deprecated -W ignore:easy_install command is deprecated setup.py egg_info --egg-base ../../build/teleop_twist_keyboard build --build-base /home/antoni/gazebo_maritime_ws/build/teleop_twist_keyboard/build install --record /home/antoni/gazebo_maritime_ws/build/teleop_twist_keyboard/install.log --single-version-externally-managed install_data
