[0.318s] Invoking command in '/home/antoni/gazebo_maritime_ws/src/teleop_twist_keyboard': PYTHONPATH=/home/antoni/gazebo_maritime_ws/build/teleop_twist_keyboard/prefix_override:/home/antoni/.local/lib/python3.10/site-packages/colcon_core/task/python/colcon_distutils_commands:/home/antoni/gazebo_maritime_ws/install/lib/python3.10/site-packages:${PYTHONPATH} /usr/bin/python3 -W ignore:setup.py install is deprecated -W ignore:easy_install command is deprecated setup.py egg_info --egg-base ../../build/teleop_twist_keyboard build --build-base /home/antoni/gazebo_maritime_ws/build/teleop_twist_keyboard/build install --record /home/antoni/gazebo_maritime_ws/build/teleop_twist_keyboard/install.log --single-version-externally-managed install_data
[0.444s] running egg_info
[0.444s] creating ../../build/teleop_twist_keyboard/teleop_twist_keyboard.egg-info
[0.444s] writing ../../build/teleop_twist_keyboard/teleop_twist_keyboard.egg-info/PKG-INFO
[0.444s] writing dependency_links to ../../build/teleop_twist_keyboard/teleop_twist_keyboard.egg-info/dependency_links.txt
[0.444s] writing entry points to ../../build/teleop_twist_keyboard/teleop_twist_keyboard.egg-info/entry_points.txt
[0.444s] writing requirements to ../../build/teleop_twist_keyboard/teleop_twist_keyboard.egg-info/requires.txt
[0.444s] writing top-level names to ../../build/teleop_twist_keyboard/teleop_twist_keyboard.egg-info/top_level.txt
[0.445s] writing manifest file '../../build/teleop_twist_keyboard/teleop_twist_keyboard.egg-info/SOURCES.txt'
[0.445s] reading manifest file '../../build/teleop_twist_keyboard/teleop_twist_keyboard.egg-info/SOURCES.txt'
[0.445s] adding license file 'LICENSE'
[0.446s] writing manifest file '../../build/teleop_twist_keyboard/teleop_twist_keyboard.egg-info/SOURCES.txt'
[0.446s] running build
[0.446s] running build_py
[0.446s] creating /home/antoni/gazebo_maritime_ws/build/teleop_twist_keyboard/build
[0.446s] creating /home/antoni/gazebo_maritime_ws/build/teleop_twist_keyboard/build/lib
[0.446s] creating /home/antoni/gazebo_maritime_ws/build/teleop_twist_keyboard/build/lib/teleop_twist_keyboard_pkg
[0.446s] copying teleop_twist_keyboard_pkg/teleop_twist_keyboard.py -> /home/antoni/gazebo_maritime_ws/build/teleop_twist_keyboard/build/lib/teleop_twist_keyboard_pkg
[0.446s] copying teleop_twist_keyboard_pkg/__init__.py -> /home/antoni/gazebo_maritime_ws/build/teleop_twist_keyboard/build/lib/teleop_twist_keyboard_pkg
[0.446s] running install
[0.446s] running install_lib
[0.447s] creating /home/antoni/gazebo_maritime_ws/install/lib/python3.10/site-packages/teleop_twist_keyboard_pkg
[0.447s] copying /home/antoni/gazebo_maritime_ws/build/teleop_twist_keyboard/build/lib/teleop_twist_keyboard_pkg/teleop_twist_keyboard.py -> /home/antoni/gazebo_maritime_ws/install/lib/python3.10/site-packages/teleop_twist_keyboard_pkg
[0.447s] copying /home/antoni/gazebo_maritime_ws/build/teleop_twist_keyboard/build/lib/teleop_twist_keyboard_pkg/__init__.py -> /home/antoni/gazebo_maritime_ws/install/lib/python3.10/site-packages/teleop_twist_keyboard_pkg
[0.447s] byte-compiling /home/antoni/gazebo_maritime_ws/install/lib/python3.10/site-packages/teleop_twist_keyboard_pkg/teleop_twist_keyboard.py to teleop_twist_keyboard.cpython-310.pyc
[0.448s] byte-compiling /home/antoni/gazebo_maritime_ws/install/lib/python3.10/site-packages/teleop_twist_keyboard_pkg/__init__.py to __init__.cpython-310.pyc
[0.448s] running install_data
[0.448s] creating /home/antoni/gazebo_maritime_ws/install/share/ament_index
[0.448s] creating /home/antoni/gazebo_maritime_ws/install/share/ament_index/resource_index
[0.448s] creating /home/antoni/gazebo_maritime_ws/install/share/ament_index/resource_index/packages
[0.448s] copying resource/teleop_twist_keyboard -> /home/antoni/gazebo_maritime_ws/install/share/ament_index/resource_index/packages
[0.448s] copying package.xml -> /home/antoni/gazebo_maritime_ws/install/share/teleop_twist_keyboard
[0.448s] running install_egg_info
[0.449s] Copying ../../build/teleop_twist_keyboard/teleop_twist_keyboard.egg-info to /home/antoni/gazebo_maritime_ws/install/lib/python3.10/site-packages/teleop_twist_keyboard-2.4.0-py3.10.egg-info
[0.449s] running install_scripts
[0.461s] Installing teleop_twist_keyboard script to /home/antoni/gazebo_maritime_ws/install/lib/teleop_twist_keyboard
[0.461s] writing list of installed files to '/home/antoni/gazebo_maritime_ws/build/teleop_twist_keyboard/install.log'
[0.475s] Invoked command in '/home/antoni/gazebo_maritime_ws/src/teleop_twist_keyboard' returned '0': PYTHONPATH=/home/antoni/gazebo_maritime_ws/build/teleop_twist_keyboard/prefix_override:/home/antoni/.local/lib/python3.10/site-packages/colcon_core/task/python/colcon_distutils_commands:/home/antoni/gazebo_maritime_ws/install/lib/python3.10/site-packages:${PYTHONPATH} /usr/bin/python3 -W ignore:setup.py install is deprecated -W ignore:easy_install command is deprecated setup.py egg_info --egg-base ../../build/teleop_twist_keyboard build --build-base /home/antoni/gazebo_maritime_ws/build/teleop_twist_keyboard/build install --record /home/antoni/gazebo_maritime_ws/build/teleop_twist_keyboard/install.log --single-version-externally-managed install_data
