[0.376s] Invoking command in '/home/antoni/gazebo_maritime_ws/src/teleop_nav': PYTHONPATH=/home/antoni/gazebo_maritime_ws/build/teleop_nav/prefix_override:/home/antoni/.local/lib/python3.10/site-packages/colcon_core/task/python/colcon_distutils_commands:/home/antoni/gazebo_maritime_ws/install/lib/python3.10/site-packages:${PYTHONPATH} /usr/bin/python3 -W ignore:setup.py install is deprecated -W ignore:easy_install command is deprecated setup.py egg_info --egg-base ../../build/teleop_nav build --build-base /home/antoni/gazebo_maritime_ws/build/teleop_nav/build install --record /home/antoni/gazebo_maritime_ws/build/teleop_nav/install.log --single-version-externally-managed install_data
[0.494s] running egg_info
[0.494s] writing ../../build/teleop_nav/teleop_nav.egg-info/PKG-INFO
[0.494s] writing dependency_links to ../../build/teleop_nav/teleop_nav.egg-info/dependency_links.txt
[0.494s] writing entry points to ../../build/teleop_nav/teleop_nav.egg-info/entry_points.txt
[0.494s] writing requirements to ../../build/teleop_nav/teleop_nav.egg-info/requires.txt
[0.494s] writing top-level names to ../../build/teleop_nav/teleop_nav.egg-info/top_level.txt
[0.495s] reading manifest file '../../build/teleop_nav/teleop_nav.egg-info/SOURCES.txt'
[0.495s] writing manifest file '../../build/teleop_nav/teleop_nav.egg-info/SOURCES.txt'
[0.495s] running build
[0.495s] running build_py
[0.495s] copying teleop_nav/teleop_nav.py -> /home/antoni/gazebo_maritime_ws/build/teleop_nav/build/lib/teleop_nav
[0.495s] running install
[0.495s] running install_lib
[0.496s] copying /home/antoni/gazebo_maritime_ws/build/teleop_nav/build/lib/teleop_nav/teleop_nav.py -> /home/antoni/gazebo_maritime_ws/install/lib/python3.10/site-packages/teleop_nav
[0.496s] byte-compiling /home/antoni/gazebo_maritime_ws/install/lib/python3.10/site-packages/teleop_nav/teleop_nav.py to teleop_nav.cpython-310.pyc
[0.497s] running install_data
[0.497s] running install_egg_info
[0.498s] removing '/home/antoni/gazebo_maritime_ws/install/lib/python3.10/site-packages/teleop_nav-0.0.0-py3.10.egg-info' (and everything under it)
[0.498s] Copying ../../build/teleop_nav/teleop_nav.egg-info to /home/antoni/gazebo_maritime_ws/install/lib/python3.10/site-packages/teleop_nav-0.0.0-py3.10.egg-info
[0.499s] running install_scripts
[0.510s] Installing teleop_nav script to /home/antoni/gazebo_maritime_ws/install/lib/teleop_nav
[0.510s] writing list of installed files to '/home/antoni/gazebo_maritime_ws/build/teleop_nav/install.log'
[0.524s] Invoked command in '/home/antoni/gazebo_maritime_ws/src/teleop_nav' returned '0': PYTHONPATH=/home/antoni/gazebo_maritime_ws/build/teleop_nav/prefix_override:/home/antoni/.local/lib/python3.10/site-packages/colcon_core/task/python/colcon_distutils_commands:/home/antoni/gazebo_maritime_ws/install/lib/python3.10/site-packages:${PYTHONPATH} /usr/bin/python3 -W ignore:setup.py install is deprecated -W ignore:easy_install command is deprecated setup.py egg_info --egg-base ../../build/teleop_nav build --build-base /home/antoni/gazebo_maritime_ws/build/teleop_nav/build install --record /home/antoni/gazebo_maritime_ws/build/teleop_nav/install.log --single-version-externally-managed install_data
