[0.330s] Invoking command in '/home/antoni/gazebo_maritime_ws/src/teleop_nav': PYTHONPATH=/home/antoni/gazebo_maritime_ws/build/teleop_nav/prefix_override:/home/antoni/.local/lib/python3.10/site-packages/colcon_core/task/python/colcon_distutils_commands:/home/antoni/gazebo_maritime_ws/install/lib/python3.10/site-packages:${PYTHONPATH} /usr/bin/python3 -W ignore:setup.py install is deprecated -W ignore:easy_install command is deprecated setup.py egg_info --egg-base ../../build/teleop_nav build --build-base /home/antoni/gazebo_maritime_ws/build/teleop_nav/build install --record /home/antoni/gazebo_maritime_ws/build/teleop_nav/install.log --single-version-externally-managed install_data
[0.449s] running egg_info
[0.449s] writing ../../build/teleop_nav/teleop_nav.egg-info/PKG-INFO
[0.449s] writing dependency_links to ../../build/teleop_nav/teleop_nav.egg-info/dependency_links.txt
[0.449s] writing entry points to ../../build/teleop_nav/teleop_nav.egg-info/entry_points.txt
[0.449s] writing requirements to ../../build/teleop_nav/teleop_nav.egg-info/requires.txt
[0.449s] writing top-level names to ../../build/teleop_nav/teleop_nav.egg-info/top_level.txt
[0.450s] reading manifest file '../../build/teleop_nav/teleop_nav.egg-info/SOURCES.txt'
[0.450s] writing manifest file '../../build/teleop_nav/teleop_nav.egg-info/SOURCES.txt'
[0.450s] running build
[0.450s] running build_py
[0.451s] copying teleop_nav/teleop_nav.py -> /home/antoni/gazebo_maritime_ws/build/teleop_nav/build/lib/teleop_nav
[0.451s] running install
[0.451s] running install_lib
[0.452s] copying /home/antoni/gazebo_maritime_ws/build/teleop_nav/build/lib/teleop_nav/teleop_nav.py -> /home/antoni/gazebo_maritime_ws/install/lib/python3.10/site-packages/teleop_nav
[0.452s] byte-compiling /home/antoni/gazebo_maritime_ws/install/lib/python3.10/site-packages/teleop_nav/teleop_nav.py to teleop_nav.cpython-310.pyc
[0.453s] running install_data
[0.453s] copying launch/bridge_launch.py -> /home/antoni/gazebo_maritime_ws/install/share/teleop_nav/launch
[0.453s] running install_egg_info
[0.454s] removing '/home/antoni/gazebo_maritime_ws/install/lib/python3.10/site-packages/teleop_nav-0.0.0-py3.10.egg-info' (and everything under it)
[0.454s] Copying ../../build/teleop_nav/teleop_nav.egg-info to /home/antoni/gazebo_maritime_ws/install/lib/python3.10/site-packages/teleop_nav-0.0.0-py3.10.egg-info
[0.454s] running install_scripts
[0.466s] Installing teleop_nav script to /home/antoni/gazebo_maritime_ws/install/lib/teleop_nav
[0.466s] writing list of installed files to '/home/antoni/gazebo_maritime_ws/build/teleop_nav/install.log'
[0.481s] Invoked command in '/home/antoni/gazebo_maritime_ws/src/teleop_nav' returned '0': PYTHONPATH=/home/antoni/gazebo_maritime_ws/build/teleop_nav/prefix_override:/home/antoni/.local/lib/python3.10/site-packages/colcon_core/task/python/colcon_distutils_commands:/home/antoni/gazebo_maritime_ws/install/lib/python3.10/site-packages:${PYTHONPATH} /usr/bin/python3 -W ignore:setup.py install is deprecated -W ignore:easy_install command is deprecated setup.py egg_info --egg-base ../../build/teleop_nav build --build-base /home/antoni/gazebo_maritime_ws/build/teleop_nav/build install --record /home/antoni/gazebo_maritime_ws/build/teleop_nav/install.log --single-version-externally-managed install_data
