[0.006s] Invoking command in '/home/antoni/gazebo_maritime_ws/build/gazebo_maritime': /usr/bin/cmake /home/antoni/gazebo_maritime_ws/src/gazebo_maritime -DCMAKE_INSTALL_PREFIX=/home/antoni/gazebo_maritime_ws/install
[0.084s] -- The C compiler identification is GNU 11.4.0
[0.146s] -- The CXX compiler identification is GNU 11.4.0
[0.151s] -- Detecting C compiler ABI info
[0.216s] -- Detecting C compiler ABI info - done
[0.225s] -- Check for working C compiler: /usr/bin/cc - skipped
[0.225s] -- Detecting C compile features
[0.225s] -- Detecting C compile features - done
[0.227s] -- Detecting CXX compiler ABI info
[0.312s] -- Detecting CXX compiler ABI info - done
[0.320s] -- Check for working CXX compiler: /usr/bin/c++ - skipped
[0.320s] -- Detecting CXX compile features
[0.320s] -- Detecting CXX compile features - done
[0.330s] [31mCMake Error at CMakeLists.txt:5 (find_package):
[0.330s]   By not providing "Findgz-sim8.cmake" in CMAKE_MODULE_PATH this project has
[0.330s]   asked CMake to find a package configuration file provided by "gz-sim8", but
[0.330s]   CMake did not find one.
[0.330s] 
[0.330s]   Could not find a package configuration file provided by "gz-sim8" with any
[0.330s]   of the following names:
[0.330s] 
[0.330s]     gz-sim8Config.cmake
[0.330s]     gz-sim8-config.cmake
[0.330s] 
[0.330s]   Add the installation prefix of "gz-sim8" to CMAKE_PREFIX_PATH or set
[0.330s]   "gz-sim8_DIR" to a directory containing one of the above files.  If
[0.330s]   "gz-sim8" provides a separate development package or SDK, be sure it has
[0.330s]   been installed.
[0.330s] 
[0.331s] [0m
[0.331s] -- Configuring incomplete, errors occurred!
[0.331s] See also "/home/antoni/gazebo_maritime_ws/build/gazebo_maritime/CMakeFiles/CMakeOutput.log".
[0.334s] Invoked command in '/home/antoni/gazebo_maritime_ws/build/gazebo_maritime' returned '1': /usr/bin/cmake /home/antoni/gazebo_maritime_ws/src/gazebo_maritime -DCMAKE_INSTALL_PREFIX=/home/antoni/gazebo_maritime_ws/install
