[0.006s] Invoking command in '/home/antoni/gazebo_maritime_ws/build/gazebo_maritime': /usr/bin/cmake /home/antoni/gazebo_maritime_ws/src/gazebo_maritime -DCMAKE_INSTALL_PREFIX=/home/antoni/gazebo_maritime_ws/install
[0.014s] -- Looking for gz-sim8 -- found version 8.9.0
[0.018s] -- Searching for dependencies of gz-sim8
[0.018s] -- Looking for sdformat14 -- found version 14.8.0
[0.018s] -- Searching for dependencies of sdformat14
[0.022s] -- Checking for module 'tinyxml2'
[0.036s] --   Found tinyxml2, version 9.0.0
[0.084s] -- Looking for gz-math7 -- found version 7.5.1
[0.084s] -- Searching for dependencies of gz-math7
[0.085s] -- Looking for gz-utils2 -- found version 2.2.1
[0.085s] -- Searching for dependencies of gz-utils2
[0.087s] -- Looking for gz-utils2 -- found version 2.2.1
[0.087s] -- Searching for dependencies of gz-utils2
[0.088s] -- Searching for <gz-utils2> component [cli]
[0.089s] -- Looking for gz-utils2-cli -- found version 2.2.1
[0.089s] -- Searching for dependencies of gz-utils2-cli
[0.091s] -- Looking for gz-plugin2 -- found version 2.0.4
[0.091s] -- Searching for dependencies of gz-plugin2
[0.091s] -- Looking for gz-utils2 -- found version 2.2.1
[0.092s] -- Searching for <gz-plugin2> component [loader]
[0.093s] -- Looking for gz-plugin2-loader -- found version 2.0.4
[0.093s] -- Searching for dependencies of gz-plugin2-loader
[0.093s] -- Searching for <gz-plugin2> component [register]
[0.094s] -- Looking for gz-plugin2-register -- found version 2.0.4
[0.094s] -- Searching for dependencies of gz-plugin2-register
[0.095s] -- Looking for gz-transport13 -- found version 13.4.1
[0.095s] -- Searching for dependencies of gz-transport13
[0.287s] -- Found Protobuf: /usr/lib/x86_64-linux-gnu/libprotobuf.so (found version "3.12.4") 
[0.300s] -- Config-file not installed for ZeroMQ -- checking for pkg-config
[0.305s] -- Checking for module 'libzmq >= 4'
[0.319s] --   Found libzmq , version 4.3.4
[0.365s] -- Found ZeroMQ: TRUE (Required is at least version "4") 
[0.372s] -- Checking for module 'uuid'
[0.387s] --   Found uuid, version 2.37.2
[0.425s] -- Found UUID: TRUE  
[0.425s] -- Looking for gz-utils2 -- found version 2.2.1
[0.427s] -- Looking for gz-msgs10 -- found version 10.3.2
[0.427s] -- Searching for dependencies of gz-msgs10
[0.447s] -- Looking for gz-utils2 -- found version 2.2.1
[0.447s] -- Looking for gz-math7 -- found version 7.5.1
[0.578s] -- Found Python3: /usr/bin/python3.10 (found version "3.10.12") found components: Interpreter 
[0.580s] -- Searching for <gz-transport13> component [log]
[0.581s] -- Looking for gz-transport13-log -- found version 13.4.1
[0.581s] -- Searching for dependencies of gz-transport13-log
[0.582s] -- Searching for <gz-transport13> component [parameters]
[0.583s] -- Looking for gz-transport13-parameters -- found version 13.4.1
[0.583s] -- Searching for dependencies of gz-transport13-parameters
[0.584s] -- Looking for gz-msgs10 -- found version 10.3.2
[0.584s] -- Looking for gz-common5 -- found version 5.7.1
[0.584s] -- Searching for dependencies of gz-common5
[0.585s] -- Looking for gz-utils2 -- found version 2.2.1
[0.585s] -- Looking for dlfcn.h - found
[0.585s] -- Looking for libdl - found
[0.586s] -- Found DL: TRUE  
[0.592s] -- Searching for <gz-common5> component [av]
[0.593s] -- Looking for gz-common5-av -- found version 5.7.1
[0.593s] -- Searching for dependencies of gz-common5-av
[0.599s] -- Checking for module 'libswscale'
[0.613s] --   Found libswscale, version 5.9.100
[0.657s] -- Found SWSCALE: TRUE  
[0.664s] -- Checking for module 'libavdevice >= 56.4.100'
[0.679s] --   Found libavdevice , version 58.13.100
[0.723s] -- Found AVDEVICE: TRUE (Required is at least version "56.4.100") 
[0.729s] -- Checking for module 'libavformat'
[0.746s] --   Found libavformat, version 58.76.100
[0.791s] -- Found AVFORMAT: TRUE  
[0.798s] -- Checking for module 'libavcodec'
[0.813s] --   Found libavcodec, version 58.134.100
[0.859s] -- Found AVCODEC: TRUE  
[0.867s] -- Checking for module 'libavutil'
[0.883s] --   Found libavutil, version 56.70.100
[0.924s] -- Found AVUTIL: TRUE  
[0.925s] -- Searching for <gz-common5> component [events]
[0.926s] -- Looking for gz-common5-events -- found version 5.7.1
[0.927s] -- Searching for dependencies of gz-common5-events
[0.927s] -- Looking for gz-math7 -- found version 7.5.1
[0.928s] -- Searching for <gz-common5> component [graphics]
[0.929s] -- Looking for gz-common5-graphics -- found version 5.7.1
[0.930s] -- Searching for dependencies of gz-common5-graphics
[0.930s] -- Looking for gz-math7 -- found version 7.5.1
[0.934s] -- Found GzAssimp: TRUE (found version "5.2.0") 
[0.934s] -- Searching for <gz-common5> component [io]
[0.935s] -- Looking for gz-common5-io -- found version 5.7.1
[0.936s] -- Searching for dependencies of gz-common5-io
[0.936s] -- Searching for <gz-common5> component [profiler]
[0.937s] -- Looking for gz-common5-profiler -- found version 5.7.1
[0.938s] -- Searching for dependencies of gz-common5-profiler
[0.939s] -- Looking for gz-fuel_tools9 -- found version 9.1.1
[0.940s] -- Searching for dependencies of gz-fuel_tools9
[1.041s] -- Found CURL: /usr/lib/x86_64-linux-gnu/libcurl.so (found version "7.81.0")  
[1.051s] -- Checking for module 'jsoncpp'
[1.067s] --   Found jsoncpp, version 1.9.5
[1.107s] -- Found JSONCPP: TRUE  
[1.127s] -- Checking for module 'yaml-0.1'
[1.144s] --   Found yaml-0.1, version 0.2.2
[1.189s] -- Found YAML: TRUE  
[1.196s] -- Checking for module 'libzip'
[1.212s] --   Found libzip, version 1.7.3
[1.256s] -- Found ZIP: TRUE  
[1.256s] -- Looking for gz-utils2 -- found version 2.2.1
[1.257s] -- Looking for gz-common5 -- found version 5.7.1
[1.257s] -- Searching for dependencies of gz-common5
[1.258s] -- Looking for gz-utils2 -- found version 2.2.1
[1.258s] -- Looking for dlfcn.h - found
[1.258s] -- Looking for libdl - found
[1.269s] -- Searching for <gz-common5> component [testing]
[1.270s] -- Looking for gz-common5-testing -- found version 5.7.1
[1.270s] -- Searching for dependencies of gz-common5-testing
[1.271s] -- Looking for gz-math7 -- found version 7.5.1
[1.272s] -- Looking for gz-msgs10 -- found version 10.3.2
[1.273s] -- Looking for gz-gui8 -- found version 8.4.0
[1.273s] -- Searching for dependencies of gz-gui8
[1.288s] -- Looking for gz-utils2 -- found version 2.2.1
[1.288s] -- Looking for gz-math7 -- found version 7.5.1
[1.288s] -- Looking for gz-common5 -- found version 5.7.1
[1.289s] -- Looking for gz-plugin2 -- found version 2.0.4
[1.289s] -- Looking for gz-transport13 -- found version 13.4.1
[1.290s] -- Looking for gz-rendering8 -- found version 8.2.2
[1.291s] -- Searching for dependencies of gz-rendering8
[1.291s] -- Looking for gz-math7 -- found version 7.5.1
[1.291s] -- Searching for dependencies of gz-math7
[1.292s] -- Looking for gz-utils2 -- found version 2.2.1
[1.292s] -- Searching for <gz-math7> component [eigen3]
[1.293s] -- Looking for gz-math7-eigen3 -- found version 7.5.1
[1.293s] -- Searching for dependencies of gz-math7-eigen3
[1.297s] -- Looking for gz-common5 -- found version 5.7.1
[1.297s] -- Searching for dependencies of gz-common5
[1.298s] -- Looking for gz-utils2 -- found version 2.2.1
[1.298s] -- Looking for dlfcn.h - found
[1.298s] -- Looking for libdl - found
[1.304s] -- Searching for <gz-common5> component [graphics]
[1.304s] -- Searching for <gz-common5> component [events]
[1.304s] -- Searching for <gz-common5> component [geospatial]
[1.305s] -- Looking for gz-common5-geospatial -- found version 5.7.1
[1.305s] -- Searching for dependencies of gz-common5-geospatial
[1.306s] -- Looking for gz-math7 -- found version 7.5.1
[1.306s] -- Looking for gz-common5 -- found version 5.7.1
[1.307s] -- Looking for gz-plugin2 -- found version 2.0.4
[1.307s] -- Searching for dependencies of gz-plugin2
[1.308s] -- Looking for gz-utils2 -- found version 2.2.1
[1.308s] -- Searching for <gz-plugin2> component [all]
[1.309s] -- Looking for all libraries of gz-plugin2 -- found version 2.0.4
[1.309s] -- Looking for gz-plugin2 -- found version 2.0.4
[1.311s] -- Looking for gz-utils2 -- found version 2.2.1
[1.315s] -- Found OpenGL: /usr/lib/x86_64-linux-gnu/libOpenGL.so  found components: OpenGL 
[1.316s] -- Looking for gz-msgs10 -- found version 10.3.2
[1.326s] -- Looking for gz-physics7 -- found version 7.5.0
[1.326s] -- Searching for dependencies of gz-physics7
[1.326s] -- Looking for gz-common5 -- found version 5.7.1
[1.326s] -- Looking for gz-math7 -- found version 7.5.1
[1.326s] -- Looking for gz-plugin2 -- found version 2.0.4
[1.326s] -- Looking for gz-utils2 -- found version 2.2.1
[1.327s] -- Searching for <gz-physics7> component [heightmap]
[1.328s] -- Looking for gz-physics7-heightmap -- found version 7.5.0
[1.328s] -- Searching for dependencies of gz-physics7-heightmap
[1.328s] -- Looking for gz-common5 -- found version 5.7.1
[1.328s] -- Searching for <gz-physics7> component [mesh]
[1.329s] -- Looking for gz-physics7-mesh -- found version 7.5.0
[1.329s] -- Searching for dependencies of gz-physics7-mesh
[1.330s] -- Looking for gz-common5 -- found version 5.7.1
[1.330s] -- Searching for <gz-physics7> component [sdf]
[1.330s] -- Looking for gz-physics7-sdf -- found version 7.5.0
[1.330s] -- Searching for dependencies of gz-physics7-sdf
[1.331s] -- Looking for sdformat14 -- found version 14.8.0
[1.331s] -- Looking for gz-sensors8 -- found version 8.2.2
[1.332s] -- Searching for dependencies of gz-sensors8
[1.344s] -- Looking for gz-math7 -- found version 7.5.1
[1.344s] -- Looking for gz-common5 -- found version 5.7.1
[1.345s] -- Looking for gz-transport13 -- found version 13.4.1
[1.345s] -- Looking for gz-rendering8 -- found version 8.2.2
[1.345s] -- Looking for gz-msgs10 -- found version 10.3.2
[1.346s] -- Looking for sdformat14 -- found version 14.8.0
[1.346s] -- Searching for <gz-sensors8> component [air_pressure]
[1.347s] -- Looking for gz-sensors8-air_pressure -- found version 8.2.2
[1.347s] -- Searching for dependencies of gz-sensors8-air_pressure
[1.348s] -- Searching for <gz-sensors8> component [air_speed]
[1.349s] -- Looking for gz-sensors8-air_speed -- found version 8.2.2
[1.349s] -- Searching for dependencies of gz-sensors8-air_speed
[1.349s] -- Searching for <gz-sensors8> component [altimeter]
[1.350s] -- Looking for gz-sensors8-altimeter -- found version 8.2.2
[1.350s] -- Searching for dependencies of gz-sensors8-altimeter
[1.351s] -- Searching for <gz-sensors8> component [imu]
[1.351s] -- Looking for gz-sensors8-imu -- found version 8.2.2
[1.352s] -- Searching for dependencies of gz-sensors8-imu
[1.352s] -- Searching for <gz-sensors8> component [force_torque]
[1.352s] -- Looking for gz-sensors8-force_torque -- found version 8.2.2
[1.353s] -- Searching for dependencies of gz-sensors8-force_torque
[1.353s] -- Searching for <gz-sensors8> component [logical_camera]
[1.354s] -- Looking for gz-sensors8-logical_camera -- found version 8.2.2
[1.354s] -- Searching for dependencies of gz-sensors8-logical_camera
[1.354s] -- Searching for <gz-sensors8> component [magnetometer]
[1.355s] -- Looking for gz-sensors8-magnetometer -- found version 8.2.2
[1.355s] -- Searching for dependencies of gz-sensors8-magnetometer
[1.355s] -- Searching for <gz-sensors8> component [navsat]
[1.356s] -- Looking for gz-sensors8-navsat -- found version 8.2.2
[1.357s] -- Searching for dependencies of gz-sensors8-navsat
[1.357s] -- Searching for <gz-sensors8> component [dvl]
[1.358s] -- Looking for gz-sensors8-dvl -- found version 8.2.2
[1.358s] -- Searching for dependencies of gz-sensors8-dvl
[1.358s] -- Looking for gz-sensors8 -- found version 8.2.2
[1.358s] -- Searching for dependencies of gz-sensors8
[1.369s] -- Looking for gz-math7 -- found version 7.5.1
[1.370s] -- Looking for gz-common5 -- found version 5.7.1
[1.370s] -- Looking for gz-transport13 -- found version 13.4.1
[1.370s] -- Looking for gz-rendering8 -- found version 8.2.2
[1.370s] -- Looking for gz-msgs10 -- found version 10.3.2
[1.370s] -- Looking for sdformat14 -- found version 14.8.0
[1.371s] -- Searching for <gz-sensors8> component [rendering]
[1.371s] -- Looking for gz-sensors8-rendering -- found version 8.2.2
[1.371s] -- Searching for dependencies of gz-sensors8-rendering
[1.372s] -- Searching for <gz-sensors8> component [rendering]
[1.373s] -- Searching for <gz-sensors8> component [lidar]
[1.373s] -- Looking for gz-sensors8-lidar -- found version 8.2.2
[1.373s] -- Searching for dependencies of gz-sensors8-lidar
[1.374s] -- Looking for gz-sensors8 -- found version 8.2.2
[1.374s] -- Searching for <gz-sensors8> component [gpu_lidar]
[1.375s] -- Looking for gz-sensors8-gpu_lidar -- found version 8.2.2
[1.375s] -- Searching for dependencies of gz-sensors8-gpu_lidar
[1.376s] -- Looking for gz-sensors8 -- found version 8.2.2
[1.376s] -- Searching for <gz-sensors8> component [camera]
[1.376s] -- Looking for gz-sensors8-camera -- found version 8.2.2
[1.377s] -- Searching for dependencies of gz-sensors8-camera
[1.377s] -- Looking for gz-sensors8 -- found version 8.2.2
[1.377s] -- Searching for <gz-sensors8> component [boundingbox_camera]
[1.378s] -- Looking for gz-sensors8-boundingbox_camera -- found version 8.2.2
[1.378s] -- Searching for dependencies of gz-sensors8-boundingbox_camera
[1.378s] -- Searching for <gz-sensors8> component [segmentation_camera]
[1.379s] -- Looking for gz-sensors8-segmentation_camera -- found version 8.2.2
[1.379s] -- Searching for dependencies of gz-sensors8-segmentation_camera
[1.379s] -- Searching for <gz-sensors8> component [depth_camera]
[1.380s] -- Looking for gz-sensors8-depth_camera -- found version 8.2.2
[1.380s] -- Searching for dependencies of gz-sensors8-depth_camera
[1.380s] -- Looking for gz-sensors8 -- found version 8.2.2
[1.381s] -- Searching for <gz-sensors8> component [rgbd_camera]
[1.381s] -- Looking for gz-sensors8-rgbd_camera -- found version 8.2.2
[1.381s] -- Searching for dependencies of gz-sensors8-rgbd_camera
[1.381s] -- Looking for gz-sensors8 -- found version 8.2.2
[1.382s] -- Searching for <gz-sensors8> component [thermal_camera]
[1.382s] -- Looking for gz-sensors8-thermal_camera -- found version 8.2.2
[1.382s] -- Searching for dependencies of gz-sensors8-thermal_camera
[1.383s] -- Looking for gz-sensors8 -- found version 8.2.2
[1.383s] -- Searching for <gz-sensors8> component [wide_angle_camera]
[1.383s] -- Looking for gz-sensors8-wide_angle_camera -- found version 8.2.2
[1.383s] -- Searching for dependencies of gz-sensors8-wide_angle_camera
[1.384s] -- Looking for gz-rendering8 -- found version 8.2.2
[1.384s] -- Looking for gz-math7 -- found version 7.5.1
[1.384s] -- Looking for gz-utils2 -- found version 2.2.1
[1.396s] -- Looking for gz-common5 -- found version 5.7.1
[1.396s] -- Looking for gz-math7 -- found version 7.5.1
[1.396s] -- Looking for gz-msgs10 -- found version 10.3.2
[1.396s] -- Looking for gz-transport13 -- found version 13.4.1
[1.396s] -- Looking for gz-plugin2 -- found version 2.0.4
[1.397s] -- Looking for gz-rendering8 -- found version 8.2.2
[1.397s] -- Looking for gz-sensors8 -- found version 8.2.2
[1.397s] -- Looking for gz-utils2 -- found version 2.2.1
[1.397s] -- Looking for sdformat14 -- found version 14.8.0
[1.398s] -- Configuring done
[1.408s] -- Generating done
[1.410s] -- Build files have been written to: /home/antoni/gazebo_maritime_ws/build/gazebo_maritime
[1.415s] Invoked command in '/home/antoni/gazebo_maritime_ws/build/gazebo_maritime' returned '0': /usr/bin/cmake /home/antoni/gazebo_maritime_ws/src/gazebo_maritime -DCMAKE_INSTALL_PREFIX=/home/antoni/gazebo_maritime_ws/install
[1.416s] Invoking command in '/home/antoni/gazebo_maritime_ws/build/gazebo_maritime': /usr/bin/cmake --build /home/antoni/gazebo_maritime_ws/build/gazebo_maritime -- -j12 -l12
[1.468s] [ 12%] [32mBuilding CXX object CMakeFiles/Waves.dir/src/Wavefield.cc.o[0m
[3.336s] [ 25%] [32m[1mLinking CXX shared library libWaves.so[0m
[3.482s] [ 25%] Built target Waves
[3.502s] [ 37%] [32mBuilding CXX object CMakeFiles/PublisherPlugin.dir/src/PublisherPlugin.cc.o[0m
[3.503s] [ 50%] [32mBuilding CXX object CMakeFiles/Surface.dir/src/Surface.cc.o[0m
[3.503s] [ 62%] [32mBuilding CXX object CMakeFiles/WaveVisual.dir/src/WaveVisual.cc.o[0m
[5.658s] [ 75%] [32m[1mLinking CXX shared library libPublisherPlugin.so[0m
[5.872s] [ 75%] Built target PublisherPlugin
[7.044s] [ 87%] [32m[1mLinking CXX shared library libSurface.so[0m
[7.231s] [ 87%] Built target Surface
[7.269s] [100%] [32m[1mLinking CXX shared library libWaveVisual.so[0m
[7.456s] [100%] Built target WaveVisual
[7.466s] Invoked command in '/home/antoni/gazebo_maritime_ws/build/gazebo_maritime' returned '0': /usr/bin/cmake --build /home/antoni/gazebo_maritime_ws/build/gazebo_maritime -- -j12 -l12
[7.475s] Invoking command in '/home/antoni/gazebo_maritime_ws/build/gazebo_maritime': /usr/bin/cmake --install /home/antoni/gazebo_maritime_ws/build/gazebo_maritime
[7.481s] -- Install configuration: ""
[7.481s] -- Installing: /home/antoni/gazebo_maritime_ws/install/lib/libWaves.so
[7.481s] -- Installing: /home/antoni/gazebo_maritime_ws/install/lib/libPublisherPlugin.so
[7.482s] -- Set runtime path of "/home/antoni/gazebo_maritime_ws/install/lib/libPublisherPlugin.so" to ""
[7.482s] -- Installing: /home/antoni/gazebo_maritime_ws/install/lib/libSurface.so
[7.483s] -- Set runtime path of "/home/antoni/gazebo_maritime_ws/install/lib/libSurface.so" to ""
[7.483s] -- Installing: /home/antoni/gazebo_maritime_ws/install/lib/libWaveVisual.so
[7.484s] -- Set runtime path of "/home/antoni/gazebo_maritime_ws/install/lib/libWaveVisual.so" to ""
[7.484s] -- Installing: /home/antoni/gazebo_maritime_ws/install/share/gazebo_maritime/models
[7.484s] -- Installing: /home/antoni/gazebo_maritime_ws/install/share/gazebo_maritime/models/coast_waves
[7.484s] -- Installing: /home/antoni/gazebo_maritime_ws/install/share/gazebo_maritime/models/coast_waves/meshes
[7.484s] -- Installing: /home/antoni/gazebo_maritime_ws/install/share/gazebo_maritime/models/coast_waves/meshes/waterlow.dae
[7.490s] -- Installing: /home/antoni/gazebo_maritime_ws/install/share/gazebo_maritime/models/coast_waves/model.sdf
[7.490s] -- Installing: /home/antoni/gazebo_maritime_ws/install/share/gazebo_maritime/models/coast_waves/materials
[7.490s] -- Installing: /home/antoni/gazebo_maritime_ws/install/share/gazebo_maritime/models/coast_waves/materials/textures
[7.491s] -- Installing: /home/antoni/gazebo_maritime_ws/install/share/gazebo_maritime/models/coast_waves/materials/textures/skybox_lowres.dds
[7.491s] -- Installing: /home/antoni/gazebo_maritime_ws/install/share/gazebo_maritime/models/coast_waves/materials/textures/wave_normals.dds
[7.491s] -- Installing: /home/antoni/gazebo_maritime_ws/install/share/gazebo_maritime/models/coast_waves/materials/programs
[7.491s] -- Installing: /home/antoni/gazebo_maritime_ws/install/share/gazebo_maritime/models/coast_waves/materials/programs/GerstnerWaves_fs_330.glsl
[7.491s] -- Installing: /home/antoni/gazebo_maritime_ws/install/share/gazebo_maritime/models/coast_waves/materials/programs/GerstnerWaves_vs_330.glsl
[7.491s] -- Installing: /home/antoni/gazebo_maritime_ws/install/share/gazebo_maritime/models/coast_waves/model.config
[7.491s] -- Installing: /home/antoni/gazebo_maritime_ws/install/share/gazebo_maritime/models/wam-v
[7.491s] -- Installing: /home/antoni/gazebo_maritime_ws/install/share/gazebo_maritime/models/wam-v/meshes
[7.491s] -- Installing: /home/antoni/gazebo_maritime_ws/install/share/gazebo_maritime/models/wam-v/meshes/WAM-V-Base.dae
[7.491s] -- Installing: /home/antoni/gazebo_maritime_ws/install/share/gazebo_maritime/models/wam-v/meshes/engine.dae
[7.492s] -- Installing: /home/antoni/gazebo_maritime_ws/install/share/gazebo_maritime/models/wam-v/meshes/WamV.png
[7.492s] -- Installing: /home/antoni/gazebo_maritime_ws/install/share/gazebo_maritime/models/wam-v/meshes/propeller.dae
[7.493s] -- Installing: /home/antoni/gazebo_maritime_ws/install/share/gazebo_maritime/models/wam-v/model.sdf
[7.493s] -- Installing: /home/antoni/gazebo_maritime_ws/install/share/gazebo_maritime/models/wam-v/model.config
[7.493s] -- Installing: /home/antoni/gazebo_maritime_ws/install/share/gazebo_maritime/worlds
[7.493s] -- Installing: /home/antoni/gazebo_maritime_ws/install/share/gazebo_maritime/worlds/sydney_regatta.sdf
[7.494s] Invoked command in '/home/antoni/gazebo_maritime_ws/build/gazebo_maritime' returned '0': /usr/bin/cmake --install /home/antoni/gazebo_maritime_ws/build/gazebo_maritime
