[1.006s] Invoking command in '/home/antoni/gazebo_maritime_ws/src/teleop_nav': PYTHONPATH=/home/antoni/gazebo_maritime_ws/build/teleop_nav/prefix_override:/home/antoni/.local/lib/python3.10/site-packages/colcon_core/task/python/colcon_distutils_commands:/home/antoni/gazebo_maritime_ws/install/lib/python3.10/site-packages:${PYTHONPATH} /usr/bin/python3 -W ignore:setup.py install is deprecated -W ignore:easy_install command is deprecated setup.py egg_info --egg-base ../../build/teleop_nav build --build-base /home/antoni/gazebo_maritime_ws/build/teleop_nav/build install --record /home/antoni/gazebo_maritime_ws/build/teleop_nav/install.log --single-version-externally-managed install_data
[1.240s] running egg_info
[1.240s] writing ../../build/teleop_nav/teleop_nav.egg-info/PKG-INFO
[1.240s] writing dependency_links to ../../build/teleop_nav/teleop_nav.egg-info/dependency_links.txt
[1.241s] writing entry points to ../../build/teleop_nav/teleop_nav.egg-info/entry_points.txt
[1.241s] writing requirements to ../../build/teleop_nav/teleop_nav.egg-info/requires.txt
[1.241s] writing top-level names to ../../build/teleop_nav/teleop_nav.egg-info/top_level.txt
[1.243s] reading manifest file '../../build/teleop_nav/teleop_nav.egg-info/SOURCES.txt'
[1.244s] writing manifest file '../../build/teleop_nav/teleop_nav.egg-info/SOURCES.txt'
[1.244s] running build
[1.244s] running build_py
[1.244s] running install
[1.244s] running install_lib
[1.246s] running install_data
[1.246s] copying launch/teleop_wamv.launch.py -> /home/antoni/gazebo_maritime_ws/install/share/teleop_nav/launch
[1.246s] running install_egg_info
[1.249s] removing '/home/antoni/gazebo_maritime_ws/install/lib/python3.10/site-packages/teleop_nav-0.0.0-py3.10.egg-info' (and everything under it)
[1.249s] Copying ../../build/teleop_nav/teleop_nav.egg-info to /home/antoni/gazebo_maritime_ws/install/lib/python3.10/site-packages/teleop_nav-0.0.0-py3.10.egg-info
[1.250s] running install_scripts
[1.274s] Installing teleop_nav script to /home/antoni/gazebo_maritime_ws/install/lib/teleop_nav
[1.274s] writing list of installed files to '/home/antoni/gazebo_maritime_ws/build/teleop_nav/install.log'
[1.315s] Invoked command in '/home/antoni/gazebo_maritime_ws/src/teleop_nav' returned '0': PYTHONPATH=/home/antoni/gazebo_maritime_ws/build/teleop_nav/prefix_override:/home/antoni/.local/lib/python3.10/site-packages/colcon_core/task/python/colcon_distutils_commands:/home/antoni/gazebo_maritime_ws/install/lib/python3.10/site-packages:${PYTHONPATH} /usr/bin/python3 -W ignore:setup.py install is deprecated -W ignore:easy_install command is deprecated setup.py egg_info --egg-base ../../build/teleop_nav build --build-base /home/antoni/gazebo_maritime_ws/build/teleop_nav/build install --record /home/antoni/gazebo_maritime_ws/build/teleop_nav/install.log --single-version-externally-managed install_data
